<?xml version="1.0" encoding="utf-8" standalone="no"?>
<!--This file represents the results of running a test suite-->
<test-results name="C:\Code\Katas\MathTreeKata\MathTreeKata.sln" total="8" errors="0" failures="1" not-run="0" inconclusive="0" ignored="0" skipped="0" invalid="0" date="2013-05-21" time="21:56:29">
  <environment nunit-version="2.6.2.12296" clr-version="2.0.50727.5466" os-version="Microsoft Windows NT 6.1.7601 Service Pack 1" platform="Win32NT" cwd="C:\Code\Ruby Projects\prepush\lib" machine-name="NIEVETHINKPAD" user="Nieve" user-domain="NieveThinkPad" />
  <culture-info current-culture="en-GB" current-uiculture="en-US" />
  <test-suite type="Project" name="C:\Code\Katas\MathTreeKata\MathTreeKata.sln" executed="True" result="Failure" success="False" time="1.006" asserts="0">
    <results>
      <test-suite type="Assembly" name="C:\Code\Katas\MathTreeKata\MathTreeKata\bin\Debug\MathTreeKata.dll" executed="True" result="Inconclusive" success="False" time="0.005" asserts="0" />
      <test-suite type="Assembly" name="C:\Code\Katas\MathTreeKata\MathTreeKataTests\bin\Debug\MathTreeKataTests.dll" executed="True" result="Failure" success="False" time="0.964" asserts="0">
        <results>
          <test-suite type="Namespace" name="MathTreeKataTests" executed="True" result="Failure" success="False" time="0.963" asserts="0">
            <results>
              <test-suite type="Namespace" name="Tree" executed="True" result="Failure" success="False" time="0.963" asserts="0">
                <results>
                  <test-suite type="TestFixture" name="NodeTests" executed="True" result="Failure" success="False" time="0.961" asserts="0">
                    <results>
                      <test-case name="MathTreeKataTests.Tree.NodeTests.INode_Evaluates_ReturnsDouble" executed="True" result="Failure" success="False" time="0.907" asserts="1">
                        <failure>
                          <message><![CDATA[  Expected: 42
  But was:  1.0d
]]></message>
                          <stack-trace><![CDATA[at MathTreeKataTests.Tree.NodeTests.INode_Evaluates_ReturnsDouble() in c:\Code\Katas\MathTreeKata\MathTreeKataTests\Tree\NodeTests.cs:line 21
]]></stack-trace>
                        </failure>
                      </test-case>
                      <test-suite type="ParameterizedTest" name="NodeFactory_ExpressionTree_Evaluate" executed="True" result="Success" success="True" time="0.012" asserts="0">
                        <results>
                          <test-case name="MathTreeKataTests.Tree.NodeTests.NodeFactory_ExpressionTree_Evaluate(&quot;2+4*3+5&quot;,19)" executed="True" result="Success" success="True" time="0.009" asserts="1" />
                        </results>
                      </test-suite>
                      <test-case name="MathTreeKataTests.Tree.NodeTests.OperatorNode_AdditionFunction_EvaluatesSumOfChildNodes" executed="True" result="Success" success="True" time="0.001" asserts="1" />
                      <test-case name="MathTreeKataTests.Tree.NodeTests.OperatorNode_AppendChild_LeftFull_RightChildUpdated" executed="True" result="Success" success="True" time="0.011" asserts="1" />
                      <test-case name="MathTreeKataTests.Tree.NodeTests.OperatorNode_AppendChild_NoChildren_RightChildUpdated" executed="True" result="Success" success="True" time="0.001" asserts="1" />
                      <test-case name="MathTreeKataTests.Tree.NodeTests.OperatorNode_CreateNew_Exists" executed="True" result="Success" success="True" time="0.002" asserts="1" />
                      <test-case name="MathTreeKataTests.Tree.NodeTests.ValueNode_CreateNew_Exists" executed="True" result="Success" success="True" time="0.000" asserts="1" />
                      <test-case name="MathTreeKataTests.Tree.NodeTests.ValueNode_Evaluate_ReturnsInitialisationParameterValue" executed="True" result="Success" success="True" time="0.001" asserts="1" />
                    </results>
                  </test-suite>
                </results>
              </test-suite>
            </results>
          </test-suite>
        </results>
      </test-suite>
    </results>
  </test-suite>
</test-results>